<?xml version="1.0" encoding="UTF-8"?>
<!-- Generated by org.testng.reporters.JUnitXMLReporter -->
<testsuite hostname="MX-IT00232" ignored="0" name="Suite" tests="4" failures="0" timestamp="2020-05-13T13:36:08 CDT" time="36.279" errors="0">
  <testcase name="testCase1" time="0.614" classname="testCases.TestCases"/>
  <testcase name="testCase2" time="1.891" classname="testCases.TestCases"/>
  <testcase name="testCase3" time="12.622" classname="testCases.TestCases"/>
  <testcase name="testCase4" time="11.379" classname="testCases.TestCases"/>
</testsuite> <!-- Suite -->
