<?xml version="1.0" encoding="UTF-8"?>
<!-- Generated by org.testng.reporters.JUnitXMLReporter -->
<testsuite hostname="MX-IT00232" ignored="0" name="Test Case 2" tests="1" failures="1" timestamp="2020-05-13T18:11:54 CDT" time="0.013" errors="0">
  <testcase name="testCase2" time="0.005" classname="testCases.TestCase2">
    <failure type="java.lang.Error" message="Unresolved compilation problems: 
	The method getDriver() is undefined for the type TestCase2
	The method getDriver() is undefined for the type TestCase2
">
      <![CDATA[java.lang.Error: Unresolved compilation problems: 
The method getDriver() is undefined for the type TestCase2
The method getDriver() is undefined for the type TestCase2

at testCases.TestCase2.testCase2(TestCase2.java:16)
at java.util.ArrayList.forEach(ArrayList.java:1257)
... Removed 27 stack frames]]>
    </failure>
  </testcase> <!-- testCase2 -->
</testsuite> <!-- Test Case 2 -->
