<?xml version="1.0" encoding="UTF-8"?>
<!-- Generated by org.testng.reporters.JUnitXMLReporter -->
<testsuite hostname="MX-IT00232" ignored="0" name="Test Case 4" tests="1" failures="1" timestamp="2020-05-13T18:11:54 CDT" time="0.008" errors="0">
  <testcase name="testCase4" time="0.001" classname="testCases.TestCase4">
    <failure type="java.lang.Error" message="Unresolved compilation problems: 
	The method getDriver() is undefined for the type TestCase4
	The method getDriver() is undefined for the type TestCase4
">
      <![CDATA[java.lang.Error: Unresolved compilation problems: 
The method getDriver() is undefined for the type TestCase4
The method getDriver() is undefined for the type TestCase4

at testCases.TestCase4.testCase4(TestCase4.java:17)
at java.util.ArrayList.forEach(ArrayList.java:1257)
... Removed 27 stack frames]]>
    </failure>
  </testcase> <!-- testCase4 -->
</testsuite> <!-- Test Case 4 -->
