<?xml version="1.0" encoding="UTF-8"?>
<!-- Generated by org.testng.reporters.JUnitXMLReporter -->
<testsuite hostname="MX-IT00232" ignored="0" name="Test Case 1" tests="1" failures="1" timestamp="2020-05-13T18:11:54 CDT" time="0.082" errors="0">
  <testcase name="testCase1" time="0.013" classname="testCases.TestCase1">
    <failure type="java.lang.Error" message="Unresolved compilation problem: 
	The method getDriver() is undefined for the type TestCase1
">
      <![CDATA[java.lang.Error: Unresolved compilation problem: 
The method getDriver() is undefined for the type TestCase1

at testCases.TestCase1.testCase1(TestCase1.java:13)
at java.util.ArrayList.forEach(ArrayList.java:1257)
... Removed 27 stack frames]]>
    </failure>
  </testcase> <!-- testCase1 -->
</testsuite> <!-- Test Case 1 -->
