<?xml version="1.0" encoding="UTF-8"?>
<!-- Generated by org.testng.reporters.JUnitXMLReporter -->
<testsuite hostname="MX-IT00232" ignored="0" name="Test Case 3" tests="1" failures="1" timestamp="2020-05-13T18:11:54 CDT" time="0.077" errors="0">
  <testcase name="testCase3" time="0.011" classname="testCases.TestCase3">
    <failure type="java.lang.Error" message="Unresolved compilation problems: 
	The method getDriver() is undefined for the type TestCase3
	The method getDriver() is undefined for the type TestCase3
">
      <![CDATA[java.lang.Error: Unresolved compilation problems: 
The method getDriver() is undefined for the type TestCase3
The method getDriver() is undefined for the type TestCase3

at testCases.TestCase3.testCase3(TestCase3.java:14)
at java.util.ArrayList.forEach(ArrayList.java:1257)
... Removed 27 stack frames]]>
    </failure>
  </testcase> <!-- testCase3 -->
</testsuite> <!-- Test Case 3 -->
