<?xml version="1.0" encoding="UTF-8"?>
<!-- Generated by org.testng.reporters.JUnitXMLReporter -->
<testsuite hostname="MX-IT00232" ignored="0" name="Suite" tests="4" failures="0" timestamp="2020-05-13T15:23:44 CDT" time="22.239" errors="0">
  <testcase name="testCase1" time="0.623" classname="testCases.TestCases"/>
  <testcase name="testCase2" time="1.611" classname="testCases.TestCases"/>
  <testcase name="testCase3" time="4.497" classname="testCases.TestCases"/>
  <testcase name="testCase4" time="5.363" classname="testCases.TestCases"/>
</testsuite> <!-- Suite -->
