<?xml version="1.0" encoding="UTF-8"?>
<testsuite xmlns:xsi="http://www.w3.org/2001/XMLSchema-instance" xsi:noNamespaceSchemaLocation="https://maven.apache.org/surefire/maven-surefire-plugin/xsd/surefire-test-report.xsd" name="TestSuite" time="27.088" tests="4" errors="0" skipped="0" failures="0">
  <properties>
[...]
</properties>
  <testcase name="testCase1" classname="testCases.TestCase1" time="0.626"/>
  <testcase name="testCase2" classname="testCases.TestCase2" time="1.623"/>
  <testcase name="testCase3" classname="testCases.TestCase3" time="9.11"/>
  <testcase name="testCase4" classname="testCases.TestCase4" time="4.402"/>
</testsuite>